# JRE version: OpenJDK Runtime Environment (17.0.15+6) (build 17.0.15+6-Ubuntu-0ubuntu124.04)
# Java VM: OpenJDK 64-Bit Server VM (17.0.15+6-Ubuntu-0ubuntu124.04, mixed mode, sharing, tiered, compressed oops, compressed class ptrs, g1 gc, linux-amd64)
GC Precious Log:
 CPUs: 16 total, 16 available
 Memory: 19799M
 Large Page Support: Disabled
 NUMA Support: Disabled
 Compressed Oops: Enabled (Zero based)
 Heap Region Size: 4M
 Heap Min Capacity: 8M
 Heap Initial Capacity: 312M
 Heap Max Capacity: 4952M
 Pre-touch: Disabled
 Parallel Workers: 13
 Concurrent Workers: 3
 Concurrent Refinement Workers: 13
 Periodic GC: Disabled
Heap:
 garbage-first heap   total 98304K, used 28655K [0x00000006ca800000, 0x0000000800000000)
  region size 4096K, 6 young (24576K), 2 survivors (8192K)
 Metaspace       used 26200K, committed 26560K, reserved 1114112K
  class space    used 2760K, committed 2944K, reserved 1048576K
GC Heap History (8 events):
Event: 0.342 GC heap before
{Heap before GC invocations=0 (full 0):
 garbage-first heap   total 327680K, used 24500K [0x00000006ca800000, 0x0000000800000000)
  region size 4096K, 5 young (20480K), 0 survivors (0K)
 Metaspace       used 8265K, committed 8512K, reserved 1114112K
  class space    used 848K, committed 960K, reserved 1048576K
}
Event: 0.344 GC heap after
{Heap after GC invocations=1 (full 0):
 garbage-first heap   total 327680K, used 8354K [0x00000006ca800000, 0x0000000800000000)
  region size 4096K, 1 young (4096K), 1 survivors (4096K)
 Metaspace       used 8265K, committed 8512K, reserved 1114112K
  class space    used 848K, committed 960K, reserved 1048576K
}
Event: 0.655 GC heap before
{Heap before GC invocations=1 (full 0):
 garbage-first heap   total 327680K, used 28834K [0x00000006ca800000, 0x0000000800000000)
  region size 4096K, 6 young (24576K), 1 survivors (4096K)
 Metaspace       used 10880K, committed 11072K, reserved 1114112K
  class space    used 1094K, committed 1216K, reserved 1048576K
}
Event: 0.658 GC heap after
{Heap after GC invocations=2 (full 0):
 garbage-first heap   total 327680K, used 11261K [0x00000006ca800000, 0x0000000800000000)
  region size 4096K, 1 young (4096K), 1 survivors (4096K)
 Metaspace       used 10880K, committed 11072K, reserved 1114112K
  class space    used 1094K, committed 1216K, reserved 1048576K
}
Event: 0.785 GC heap before
{Heap before GC invocations=2 (full 0):
 garbage-first heap   total 327680K, used 60413K [0x00000006ca800000, 0x0000000800000000)
  region size 4096K, 13 young (53248K), 1 survivors (4096K)
 Metaspace       used 11337K, committed 11584K, reserved 1114112K
  class space    used 1140K, committed 1280K, reserved 1048576K
}
Event: 0.786 GC heap after
{Heap after GC invocations=3 (full 0):
 garbage-first heap   total 327680K, used 11770K [0x00000006ca800000, 0x0000000800000000)
  region size 4096K, 1 young (4096K), 1 survivors (4096K)
 Metaspace       used 11337K, committed 11584K, reserved 1114112K
  class space    used 1140K, committed 1280K, reserved 1048576K
}
Event: 4.254 GC heap before
{Heap before GC invocations=3 (full 0):
 garbage-first heap   total 327680K, used 138746K [0x00000006ca800000, 0x0000000800000000)
  region size 4096K, 33 young (135168K), 1 survivors (4096K)
 Metaspace       used 21255K, committed 21504K, reserved 1114112K
  class space    used 2197K, committed 2368K, reserved 1048576K
}
Event: 4.260 GC heap after
{Heap after GC invocations=4 (full 0):
 garbage-first heap   total 327680K, used 16367K [0x00000006ca800000, 0x0000000800000000)
  region size 4096K, 2 young (8192K), 2 survivors (8192K)
 Metaspace       used 21255K, committed 21504K, reserved 1114112K
  class space    used 2197K, committed 2368K, reserved 1048576K
}

